<?xml version="1.0" encoding="UTF-8"?>
<!-- Generated by org.testng.reporters.JUnitReportReporter -->
<testsuite name="testframe.common.reporting.ReportHelper" tests="1" time="0.045" ignored="0" failures="0" timestamp="15 Nov 2021 10:14:47 GMT" skipped="0" hostname="NOI-5CD1218R56" errors="0">
  <testcase name="copyExcelFile" time="0.045" classname="testframe.common.reporting.ReportHelper"/>
</testsuite> <!-- testframe.common.reporting.ReportHelper -->
