<?xml version="1.0" encoding="UTF-8"?>
<!-- Generated by org.testng.reporters.JUnitReportReporter -->
<testsuite name="testframe.common.utilities.EncryptDecryptHelper" tests="1" time="0.716" ignored="0" failures="0" timestamp="28 Oct 2021 13:02:33 GMT" skipped="0" hostname="NOI-5CD1218R56" errors="0">
  <testcase name="getEncrypt" time="0.716" classname="testframe.common.utilities.EncryptDecryptHelper"/>
</testsuite> <!-- testframe.common.utilities.EncryptDecryptHelper -->
