<?xml version="1.0" encoding="UTF-8"?>
<!-- Generated by org.testng.reporters.JUnitReportReporter -->
<testsuite name="testframe.runmanager.RunDriver" tests="1" time="2587.158" ignored="0" failures="0" timestamp="11 Nov 2021 07:44:08 GMT" skipped="0" hostname="NOI-5CD1218R56" errors="0">
  <testcase name="navigateToTest" time="2587.158" classname="testframe.runmanager.RunDriver"/>
</testsuite> <!-- testframe.runmanager.RunDriver -->
