<?xml version="1.0" encoding="UTF-8"?>
<!-- Generated by org.testng.reporters.JUnitReportReporter -->
<testsuite name="testframe.runmanager.RunDriver" tests="1" time="69.614" ignored="0" failures="0" timestamp="08 Nov 2021 15:12:26 GMT" skipped="0" hostname="NOI-5CD1218R56" errors="0">
  <testcase name="navigateToTest" time="69.614" classname="testframe.runmanager.RunDriver"/>
</testsuite> <!-- testframe.runmanager.RunDriver -->
