<?xml version="1.0" encoding="UTF-8"?>
<!-- Generated by org.testng.reporters.JUnitReportReporter -->
<testsuite name="testframe.common.webdrivermanager.BrowserFactory" tests="1" time="2.077" ignored="0" failures="0" timestamp="05 Oct 2021 17:19:24 GMT" skipped="0" hostname="NOI-5CD1218R56" errors="0">
  <testcase name="run" time="2.077" classname="testframe.common.webdrivermanager.BrowserFactory"/>
</testsuite> <!-- testframe.common.webdrivermanager.BrowserFactory -->
